<?xml version="1.0" encoding="UTF-8"?>
<!-- Generated by org.testng.reporters.JUnitReportReporter -->
<testsuite skipped="0" hostname="DESKTOP-FNF69NB" name="testcases.LoginTest" tests="1" failures="0" timestamp="22 Oct 2016 16:54:31 GMT" time="16.517" errors="0">
  <testcase name="doLogin" time="16.517" classname="testcases.LoginTest"/>
</testsuite> <!-- testcases.LoginTest -->
