<?xml version="1.0" encoding="UTF-8"?>
<!-- Generated by org.testng.reporters.JUnitReportReporter -->
<testsuite name="testcases.care.CareLoginTest" tests="2" time="3.470" ignored="0" failures="0" timestamp="14 Dec 2016 08:32:33 GMT" skipped="0" hostname="INLN50888725A" errors="0">
  <testcase name="signUpEmailandSelectACareGiver" time="1.413" classname="testcases.care.CareLoginTest"/>
  <testcase name="validateButtons" time="2.057" classname="testcases.care.CareLoginTest"/>
</testsuite> <!-- testcases.care.CareLoginTest -->
